# JRE version: OpenJDK Runtime Environment (22.0.2+9) (build 22.0.2+9-70)
# Java VM: OpenJDK 64-Bit Server VM (22.0.2+9-70, mixed mode, sharing, tiered, compressed oops, compressed class ptrs, g1 gc, windows-amd64)
GC Precious Log:
 CardTable entry size: 512
 Card Set container configuration: InlinePtr #cards 5 size 8 Array Of Cards #cards 12 size 40 Howl #buckets 4 coarsen threshold 1843 Howl Bitmap #cards 512 size 80 coarsen threshold 460 Card regions per heap region 1 cards per card region 2048
 CPUs: 4 total, 4 available
 Memory: 3991M
 Large Page Support: Disabled
 NUMA Support: Disabled
 Compressed Oops: Enabled (32-bit)
 Heap Region Size: 1M
 Heap Min Capacity: 8M
 Heap Initial Capacity: 64M
 Heap Max Capacity: 998M
 Pre-touch: Disabled
 Parallel Workers: 4
 Concurrent Workers: 1
 Concurrent Refinement Workers: 4
 Periodic GC: Disabled
Heap:
 garbage-first heap   total reserved 1021952K, committed 40960K, used 35406K [0x00000000c1a00000, 0x0000000100000000)
  region size 1024K, 14 young (14336K), 1 survivors (1024K)
 Metaspace       used 40859K, committed 41536K, reserved 1114112K
  class space    used 5139K, committed 5440K, reserved 1048576K
GC Heap History (20 events):
Event: 13.252 GC heap before
{Heap before GC invocations=3 (full 0):
 garbage-first heap   total reserved 1021952K, committed 65536K, used 27962K [0x00000000c1a00000, 0x0000000100000000)
  region size 1024K, 26 young (26624K), 5 survivors (5120K)
 Metaspace       used 21167K, committed 21504K, reserved 1114112K
  class space    used 2718K, committed 2880K, reserved 1048576K
}
Event: 13.266 GC heap after
{Heap after GC invocations=4 (full 0):
 garbage-first heap   total reserved 1021952K, committed 65536K, used 11429K [0x00000000c1a00000, 0x0000000100000000)
  region size 1024K, 4 young (4096K), 4 survivors (4096K)
 Metaspace       used 21167K, committed 21504K, reserved 1114112K
  class space    used 2718K, committed 2880K, reserved 1048576K
}
Event: 16.146 GC heap before
{Heap before GC invocations=5 (full 0):
 garbage-first heap   total reserved 1021952K, committed 40960K, used 31909K [0x00000000c1a00000, 0x0000000100000000)
  region size 1024K, 24 young (24576K), 4 survivors (4096K)
 Metaspace       used 23436K, committed 23808K, reserved 1114112K
  class space    used 3012K, committed 3200K, reserved 1048576K
}
Event: 16.157 GC heap after
{Heap after GC invocations=6 (full 0):
 garbage-first heap   total reserved 1021952K, committed 40960K, used 13031K [0x00000000c1a00000, 0x0000000100000000)
  region size 1024K, 2 young (2048K), 2 survivors (2048K)
 Metaspace       used 23436K, committed 23808K, reserved 1114112K
  class space    used 3012K, committed 3200K, reserved 1048576K
}
Event: 19.099 GC heap before
{Heap before GC invocations=6 (full 0):
 garbage-first heap   total reserved 1021952K, committed 40960K, used 32487K [0x00000000c1a00000, 0x0000000100000000)
  region size 1024K, 21 young (21504K), 2 survivors (2048K)
 Metaspace       used 27052K, committed 27520K, reserved 1114112K
  class space    used 3502K, committed 3712K, reserved 1048576K
}
Event: 19.110 GC heap after
{Heap after GC invocations=7 (full 0):
 garbage-first heap   total reserved 1021952K, committed 40960K, used 14721K [0x00000000c1a00000, 0x0000000100000000)
  region size 1024K, 2 young (2048K), 2 survivors (2048K)
 Metaspace       used 27052K, committed 27520K, reserved 1114112K
  class space    used 3502K, committed 3712K, reserved 1048576K
}
Event: 22.315 GC heap before
{Heap before GC invocations=7 (full 0):
 garbage-first heap   total reserved 1021952K, committed 40960K, used 33153K [0x00000000c1a00000, 0x0000000100000000)
  region size 1024K, 20 young (20480K), 2 survivors (2048K)
 Metaspace       used 30601K, committed 31168K, reserved 1114112K
  class space    used 3968K, committed 4224K, reserved 1048576K
}
Event: 22.323 GC heap after
{Heap after GC invocations=8 (full 0):
 garbage-first heap   total reserved 1021952K, committed 40960K, used 16569K [0x00000000c1a00000, 0x0000000100000000)
  region size 1024K, 2 young (2048K), 2 survivors (2048K)
 Metaspace       used 30601K, committed 31168K, reserved 1114112K
  class space    used 3968K, committed 4224K, reserved 1048576K
}
Event: 33.822 GC heap before
{Heap before GC invocations=8 (full 0):
 garbage-first heap   total reserved 1021952K, committed 40960K, used 33977K [0x00000000c1a00000, 0x0000000100000000)
  region size 1024K, 19 young (19456K), 2 survivors (2048K)
 Metaspace       used 34076K, committed 34624K, reserved 1114112K
  class space    used 4334K, committed 4544K, reserved 1048576K
}
Event: 33.833 GC heap after
{Heap after GC invocations=9 (full 0):
 garbage-first heap   total reserved 1021952K, committed 40960K, used 18973K [0x00000000c1a00000, 0x0000000100000000)
  region size 1024K, 3 young (3072K), 3 survivors (3072K)
 Metaspace       used 34076K, committed 34624K, reserved 1114112K
  class space    used 4334K, committed 4544K, reserved 1048576K
}
Event: 37.876 GC heap before
{Heap before GC invocations=9 (full 0):
 garbage-first heap   total reserved 1021952K, committed 40960K, used 30237K [0x00000000c1a00000, 0x0000000100000000)
  region size 1024K, 15 young (15360K), 3 survivors (3072K)
 Metaspace       used 35421K, committed 35968K, reserved 1114112K
  class space    used 4516K, committed 4736K, reserved 1048576K
}
Event: 37.894 GC heap after
{Heap after GC invocations=10 (full 0):
 garbage-first heap   total reserved 1021952K, committed 40960K, used 20393K [0x00000000c1a00000, 0x0000000100000000)
  region size 1024K, 2 young (2048K), 2 survivors (2048K)
 Metaspace       used 35421K, committed 35968K, reserved 1114112K
  class space    used 4516K, committed 4736K, reserved 1048576K
}
Event: 41.821 GC heap before
{Heap before GC invocations=11 (full 0):
 garbage-first heap   total reserved 1021952K, committed 40960K, used 33705K [0x00000000c1a00000, 0x0000000100000000)
  region size 1024K, 15 young (15360K), 2 survivors (2048K)
 Metaspace       used 37087K, committed 37760K, reserved 1114112K
  class space    used 4760K, committed 5056K, reserved 1048576K
}
Event: 41.832 GC heap after
{Heap after GC invocations=12 (full 0):
 garbage-first heap   total reserved 1021952K, committed 40960K, used 21744K [0x00000000c1a00000, 0x0000000100000000)
  region size 1024K, 2 young (2048K), 2 survivors (2048K)
 Metaspace       used 37087K, committed 37760K, reserved 1114112K
  class space    used 4760K, committed 5056K, reserved 1048576K
}
Event: 55.428 GC heap before
{Heap before GC invocations=12 (full 0):
 garbage-first heap   total reserved 1021952K, committed 40960K, used 34032K [0x00000000c1a00000, 0x0000000100000000)
  region size 1024K, 15 young (15360K), 2 survivors (2048K)
 Metaspace       used 39996K, committed 40704K, reserved 1114112K
  class space    used 5136K, committed 5440K, reserved 1048576K
}
Event: 55.456 GC heap after
{Heap after GC invocations=13 (full 0):
 garbage-first heap   total reserved 1021952K, committed 40960K, used 22855K [0x00000000c1a00000, 0x0000000100000000)
  region size 1024K, 2 young (2048K), 2 survivors (2048K)
 Metaspace       used 39996K, committed 40704K, reserved 1114112K
  class space    used 5136K, committed 5440K, reserved 1048576K
}
Event: 111.557 GC heap before
{Heap before GC invocations=13 (full 0):
 garbage-first heap   total reserved 1021952K, committed 40960K, used 34119K [0x00000000c1a00000, 0x0000000100000000)
  region size 1024K, 14 young (14336K), 2 survivors (2048K)
 Metaspace       used 40510K, committed 41216K, reserved 1114112K
  class space    used 5137K, committed 5440K, reserved 1048576K
}
Event: 111.644 GC heap after
{Heap after GC invocations=14 (full 0):
 garbage-first heap   total reserved 1021952K, committed 40960K, used 23207K [0x00000000c1a00000, 0x0000000100000000)
  region size 1024K, 1 young (1024K), 1 survivors (1024K)
 Metaspace       used 40510K, committed 41216K, reserved 1114112K
  class space    used 5137K, committed 5440K, reserved 1048576K
}
Event: 170.417 GC heap before
{Heap before GC invocations=15 (full 0):
 garbage-first heap   total reserved 1021952K, committed 40960K, used 35495K [0x00000000c1a00000, 0x0000000100000000)
  region size 1024K, 13 young (13312K), 1 survivors (1024K)
 Metaspace       used 40722K, committed 41408K, reserved 1114112K
  class space    used 5139K, committed 5440K, reserved 1048576K
}
Event: 170.563 GC heap after
{Heap after GC invocations=16 (full 0):
 garbage-first heap   total reserved 1021952K, committed 40960K, used 23118K [0x00000000c1a00000, 0x0000000100000000)
  region size 1024K, 1 young (1024K), 1 survivors (1024K)
 Metaspace       used 40722K, committed 41408K, reserved 1114112K
  class space    used 5139K, committed 5440K, reserved 1048576K
}

